1:29:42 pm  [main] 	Initializing Control Panel
1:29:42 pm  [main] 	Windows Version:  Home  64-bit
1:29:42 pm  [main] 	XAMPP Version: 5.6.15
1:29:42 pm  [main] 	Control Panel Version: 3.2.2  [ Compiled: Nov 12th 2015 ]
1:29:42 pm  [main] 	You are not running with administrator rights! This will work for
1:29:42 pm  [main] 	most application stuff but whenever you do something with services
1:29:42 pm  [main] 	there will be a security dialogue or things will break! So think 
1:29:42 pm  [main] 	about running this application with administrator rights!
1:29:42 pm  [main] 	XAMPP Installation Directory: "c:\users\warrenbalute\xampp\"
1:29:42 pm  [main] 	Checking for prerequisites
1:29:44 pm  [main] 	All prerequisites found
1:29:44 pm  [main] 	Initializing Modules
1:29:44 pm  [Apache] 	Problem detected!
1:29:44 pm  [Apache] 	Port 80 in use by "Unable to open process" with PID 4!
1:29:44 pm  [Apache] 	Apache WILL NOT start without the configured ports free!
1:29:44 pm  [Apache] 	You need to uninstall/disable/reconfigure the blocking application
1:29:44 pm  [Apache] 	or reconfigure Apache and the Control Panel to listen on a different port
1:29:44 pm  [Apache] 	Problem detected!
1:29:44 pm  [Apache] 	Port 443 in use by "Unable to open process" with PID 4!
1:29:44 pm  [Apache] 	Apache WILL NOT start without the configured ports free!
1:29:44 pm  [Apache] 	You need to uninstall/disable/reconfigure the blocking application
1:29:44 pm  [Apache] 	or reconfigure Apache and the Control Panel to listen on a different port
1:29:44 pm  [main] 	Starting Check-Timer
1:29:44 pm  [main] 	Control Panel Ready
1:30:27 pm  [Apache] 	Status change detected: running
1:30:27 pm  [Apache] 	Status change detected: stopped
1:30:27 pm  [Apache] 	Error: Apache shutdown unexpectedly.
1:30:27 pm  [Apache] 	This may be due to a blocked port, missing dependencies, 
1:30:27 pm  [Apache] 	improper privileges, a crash, or a shutdown by another method.
1:30:27 pm  [Apache] 	Press the Logs button to view error logs and check
1:30:27 pm  [Apache] 	the Windows Event Viewer for more clues
1:30:27 pm  [Apache] 	If you need more help, copy and post this
1:30:27 pm  [Apache] 	entire log window on the forums
1:30:39 pm  [Apache] 	Status change detected: running
1:30:40 pm  [Apache] 	Status change detected: stopped
1:30:40 pm  [Apache] 	Error: Apache shutdown unexpectedly.
1:30:40 pm  [Apache] 	This may be due to a blocked port, missing dependencies, 
1:30:40 pm  [Apache] 	improper privileges, a crash, or a shutdown by another method.
1:30:40 pm  [Apache] 	Press the Logs button to view error logs and check
1:30:40 pm  [Apache] 	the Windows Event Viewer for more clues
1:30:40 pm  [Apache] 	If you need more help, copy and post this
1:30:40 pm  [Apache] 	entire log window on the forums
1:30:49 pm  [Apache] 	Status change detected: running
1:30:50 pm  [Apache] 	Status change detected: stopped
1:30:50 pm  [Apache] 	Error: Apache shutdown unexpectedly.
1:30:50 pm  [Apache] 	This may be due to a blocked port, missing dependencies, 
1:30:50 pm  [Apache] 	improper privileges, a crash, or a shutdown by another method.
1:30:50 pm  [Apache] 	Press the Logs button to view error logs and check
1:30:50 pm  [Apache] 	the Windows Event Viewer for more clues
1:30:50 pm  [Apache] 	If you need more help, copy and post this
1:30:50 pm  [Apache] 	entire log window on the forums
1:34:16 pm  [main] 	Deinitializing Modules
1:34:16 pm  [main] 	Deinitializing Control Panel

1:30:54 pm  [main] 	Initializing Control Panel
1:30:54 pm  [main] 	Windows Version:  Home  64-bit
1:30:54 pm  [main] 	XAMPP Version: 5.6.15
1:30:54 pm  [main] 	Control Panel Version: 3.2.2  [ Compiled: Nov 12th 2015 ]
1:30:54 pm  [main] 	Running with Administrator rights - good!
1:30:54 pm  [main] 	XAMPP Installation Directory: "c:\users\warrenbalute\xampp\"
1:30:54 pm  [main] 	Checking for prerequisites
1:30:54 pm  [main] 	All prerequisites found
1:30:54 pm  [main] 	Initializing Modules
1:30:54 pm  [Apache] 	Problem detected!
1:30:54 pm  [Apache] 	Port 80 in use by "Unable to open process" with PID 4!
1:30:54 pm  [Apache] 	Apache WILL NOT start without the configured ports free!
1:30:54 pm  [Apache] 	You need to uninstall/disable/reconfigure the blocking application
1:30:54 pm  [Apache] 	or reconfigure Apache and the Control Panel to listen on a different port
1:30:54 pm  [Apache] 	Problem detected!
1:30:54 pm  [Apache] 	Port 443 in use by "Unable to open process" with PID 4!
1:30:54 pm  [Apache] 	Apache WILL NOT start without the configured ports free!
1:30:54 pm  [Apache] 	You need to uninstall/disable/reconfigure the blocking application
1:30:54 pm  [Apache] 	or reconfigure Apache and the Control Panel to listen on a different port
1:30:54 pm  [main] 	Starting Check-Timer
1:30:54 pm  [main] 	Control Panel Ready
1:30:56 pm  [Apache] 	Problem detected!
1:30:56 pm  [Apache] 	Port 80 in use by "Unable to open process" with PID 4!
1:30:56 pm  [Apache] 	Apache WILL NOT start without the configured ports free!
1:30:56 pm  [Apache] 	You need to uninstall/disable/reconfigure the blocking application
1:30:56 pm  [Apache] 	or reconfigure Apache and the Control Panel to listen on a different port
1:30:56 pm  [Apache] 	Problem detected!
1:30:56 pm  [Apache] 	Port 443 in use by "Unable to open process" with PID 4!
1:30:56 pm  [Apache] 	Apache WILL NOT start without the configured ports free!
1:30:56 pm  [Apache] 	You need to uninstall/disable/reconfigure the blocking application
1:30:56 pm  [Apache] 	or reconfigure Apache and the Control Panel to listen on a different port
1:30:56 pm  [Apache] 	Attempting to start Apache app...
1:30:56 pm  [Apache] 	Status change detected: running
1:30:57 pm  [Apache] 	Status change detected: stopped
1:30:57 pm  [Apache] 	Error: Apache shutdown unexpectedly.
1:30:57 pm  [Apache] 	This may be due to a blocked port, missing dependencies, 
1:30:57 pm  [Apache] 	improper privileges, a crash, or a shutdown by another method.
1:30:57 pm  [Apache] 	Press the Logs button to view error logs and check
1:30:57 pm  [Apache] 	the Windows Event Viewer for more clues
1:30:57 pm  [Apache] 	If you need more help, copy and post this
1:30:57 pm  [Apache] 	entire log window on the forums
1:31:09 pm  [Apache] 	Problem detected!
1:31:09 pm  [Apache] 	Port 80 in use by "Unable to open process" with PID 4!
1:31:09 pm  [Apache] 	Apache WILL NOT start without the configured ports free!
1:31:09 pm  [Apache] 	You need to uninstall/disable/reconfigure the blocking application
1:31:09 pm  [Apache] 	or reconfigure Apache and the Control Panel to listen on a different port
1:31:09 pm  [Apache] 	Problem detected!
1:31:09 pm  [Apache] 	Port 443 in use by "Unable to open process" with PID 4!
1:31:09 pm  [Apache] 	Apache WILL NOT start without the configured ports free!
1:31:09 pm  [Apache] 	You need to uninstall/disable/reconfigure the blocking application
1:31:09 pm  [Apache] 	or reconfigure Apache and the Control Panel to listen on a different port
1:31:09 pm  [Apache] 	Attempting to start Apache app...
1:31:09 pm  [Apache] 	Status change detected: running
1:31:09 pm  [Apache] 	Status change detected: stopped
1:31:09 pm  [Apache] 	Error: Apache shutdown unexpectedly.
1:31:09 pm  [Apache] 	This may be due to a blocked port, missing dependencies, 
1:31:09 pm  [Apache] 	improper privileges, a crash, or a shutdown by another method.
1:31:09 pm  [Apache] 	Press the Logs button to view error logs and check
1:31:09 pm  [Apache] 	the Windows Event Viewer for more clues
1:31:09 pm  [Apache] 	If you need more help, copy and post this
1:31:09 pm  [Apache] 	entire log window on the forums
1:31:10 pm  [Apache] 	Problem detected!
1:31:10 pm  [Apache] 	Port 80 in use by "Unable to open process" with PID 4!
1:31:10 pm  [Apache] 	Apache WILL NOT start without the configured ports free!
1:31:10 pm  [Apache] 	You need to uninstall/disable/reconfigure the blocking application
1:31:10 pm  [Apache] 	or reconfigure Apache and the Control Panel to listen on a different port
1:31:10 pm  [Apache] 	Problem detected!
1:31:10 pm  [Apache] 	Port 443 in use by "Unable to open process" with PID 4!
1:31:10 pm  [Apache] 	Apache WILL NOT start without the configured ports free!
1:31:10 pm  [Apache] 	You need to uninstall/disable/reconfigure the blocking application
1:31:10 pm  [Apache] 	or reconfigure Apache and the Control Panel to listen on a different port
1:31:10 pm  [Apache] 	Attempting to start Apache app...
1:31:10 pm  [Apache] 	Status change detected: running
1:31:11 pm  [Apache] 	Status change detected: stopped
1:31:11 pm  [Apache] 	Error: Apache shutdown unexpectedly.
1:31:11 pm  [Apache] 	This may be due to a blocked port, missing dependencies, 
1:31:11 pm  [Apache] 	improper privileges, a crash, or a shutdown by another method.
1:31:11 pm  [Apache] 	Press the Logs button to view error logs and check
1:31:11 pm  [Apache] 	the Windows Event Viewer for more clues
1:31:11 pm  [Apache] 	If you need more help, copy and post this
1:31:11 pm  [Apache] 	entire log window on the forums
1:31:11 pm  [Apache] 	Problem detected!
1:31:11 pm  [Apache] 	Port 80 in use by "Unable to open process" with PID 4!
1:31:11 pm  [Apache] 	Apache WILL NOT start without the configured ports free!
1:31:11 pm  [Apache] 	You need to uninstall/disable/reconfigure the blocking application
1:31:11 pm  [Apache] 	or reconfigure Apache and the Control Panel to listen on a different port
1:31:11 pm  [Apache] 	Problem detected!
1:31:11 pm  [Apache] 	Port 443 in use by "Unable to open process" with PID 4!
1:31:11 pm  [Apache] 	Apache WILL NOT start without the configured ports free!
1:31:11 pm  [Apache] 	You need to uninstall/disable/reconfigure the blocking application
1:31:11 pm  [Apache] 	or reconfigure Apache and the Control Panel to listen on a different port
1:31:11 pm  [Apache] 	Attempting to start Apache app...
1:31:17 pm  [Apache] 	Problem detected!
1:31:17 pm  [Apache] 	Port 80 in use by "Unable to open process" with PID 4!
1:31:17 pm  [Apache] 	Apache WILL NOT start without the configured ports free!
1:31:17 pm  [Apache] 	You need to uninstall/disable/reconfigure the blocking application
1:31:17 pm  [Apache] 	or reconfigure Apache and the Control Panel to listen on a different port
1:31:17 pm  [Apache] 	Problem detected!
1:31:17 pm  [Apache] 	Port 443 in use by "Unable to open process" with PID 4!
1:31:17 pm  [Apache] 	Apache WILL NOT start without the configured ports free!
1:31:17 pm  [Apache] 	You need to uninstall/disable/reconfigure the blocking application
1:31:17 pm  [Apache] 	or reconfigure Apache and the Control Panel to listen on a different port
1:31:17 pm  [Apache] 	Attempting to start Apache app...
1:31:17 pm  [Apache] 	Status change detected: running
1:31:18 pm  [Apache] 	Status change detected: stopped
1:31:18 pm  [Apache] 	Error: Apache shutdown unexpectedly.
1:31:18 pm  [Apache] 	This may be due to a blocked port, missing dependencies, 
1:31:18 pm  [Apache] 	improper privileges, a crash, or a shutdown by another method.
1:31:18 pm  [Apache] 	Press the Logs button to view error logs and check
1:31:18 pm  [Apache] 	the Windows Event Viewer for more clues
1:31:18 pm  [Apache] 	If you need more help, copy and post this
1:31:18 pm  [Apache] 	entire log window on the forums
1:31:20 pm  [Apache] 	Problem detected!
1:31:20 pm  [Apache] 	Port 80 in use by "Unable to open process" with PID 4!
1:31:20 pm  [Apache] 	Apache WILL NOT start without the configured ports free!
1:31:20 pm  [Apache] 	You need to uninstall/disable/reconfigure the blocking application
1:31:20 pm  [Apache] 	or reconfigure Apache and the Control Panel to listen on a different port
1:31:20 pm  [Apache] 	Problem detected!
1:31:20 pm  [Apache] 	Port 443 in use by "Unable to open process" with PID 4!
1:31:20 pm  [Apache] 	Apache WILL NOT start without the configured ports free!
1:31:20 pm  [Apache] 	You need to uninstall/disable/reconfigure the blocking application
1:31:20 pm  [Apache] 	or reconfigure Apache and the Control Panel to listen on a different port
1:31:20 pm  [Apache] 	Attempting to start Apache app...
1:31:20 pm  [Apache] 	Status change detected: running
1:31:20 pm  [Apache] 	Status change detected: stopped
1:31:20 pm  [Apache] 	Error: Apache shutdown unexpectedly.
1:31:20 pm  [Apache] 	This may be due to a blocked port, missing dependencies, 
1:31:20 pm  [Apache] 	improper privileges, a crash, or a shutdown by another method.
1:31:20 pm  [Apache] 	Press the Logs button to view error logs and check
1:31:20 pm  [Apache] 	the Windows Event Viewer for more clues
1:31:20 pm  [Apache] 	If you need more help, copy and post this
1:31:20 pm  [Apache] 	entire log window on the forums
1:31:27 pm  [mysql] 	Attempting to start MySQL app...
1:31:27 pm  [mysql] 	Status change detected: running
1:31:34 pm  [Apache] 	Problem detected!
1:31:34 pm  [Apache] 	Port 80 in use by "Unable to open process" with PID 4!
1:31:34 pm  [Apache] 	Apache WILL NOT start without the configured ports free!
1:31:34 pm  [Apache] 	You need to uninstall/disable/reconfigure the blocking application
1:31:34 pm  [Apache] 	or reconfigure Apache and the Control Panel to listen on a different port
1:31:34 pm  [Apache] 	Problem detected!
1:31:34 pm  [Apache] 	Port 443 in use by "Unable to open process" with PID 4!
1:31:34 pm  [Apache] 	Apache WILL NOT start without the configured ports free!
1:31:34 pm  [Apache] 	You need to uninstall/disable/reconfigure the blocking application
1:31:34 pm  [Apache] 	or reconfigure Apache and the Control Panel to listen on a different port
1:31:34 pm  [Apache] 	Attempting to start Apache app...
1:31:34 pm  [Apache] 	Status change detected: running
1:31:35 pm  [Apache] 	Status change detected: stopped
1:31:35 pm  [Apache] 	Error: Apache shutdown unexpectedly.
1:31:35 pm  [Apache] 	This may be due to a blocked port, missing dependencies, 
1:31:35 pm  [Apache] 	improper privileges, a crash, or a shutdown by another method.
1:31:35 pm  [Apache] 	Press the Logs button to view error logs and check
1:31:35 pm  [Apache] 	the Windows Event Viewer for more clues
1:31:35 pm  [Apache] 	If you need more help, copy and post this
1:31:35 pm  [Apache] 	entire log window on the forums
1:31:37 pm  [Apache] 	Problem detected!
1:31:37 pm  [Apache] 	Port 80 in use by "Unable to open process" with PID 4!
1:31:37 pm  [Apache] 	Apache WILL NOT start without the configured ports free!
1:31:37 pm  [Apache] 	You need to uninstall/disable/reconfigure the blocking application
1:31:37 pm  [Apache] 	or reconfigure Apache and the Control Panel to listen on a different port
1:31:37 pm  [Apache] 	Problem detected!
1:31:37 pm  [Apache] 	Port 443 in use by "Unable to open process" with PID 4!
1:31:37 pm  [Apache] 	Apache WILL NOT start without the configured ports free!
1:31:37 pm  [Apache] 	You need to uninstall/disable/reconfigure the blocking application
1:31:37 pm  [Apache] 	or reconfigure Apache and the Control Panel to listen on a different port
1:31:37 pm  [Apache] 	Attempting to start Apache app...
1:31:37 pm  [Apache] 	Status change detected: running
1:31:38 pm  [Apache] 	Status change detected: stopped
1:31:38 pm  [Apache] 	Error: Apache shutdown unexpectedly.
1:31:38 pm  [Apache] 	This may be due to a blocked port, missing dependencies, 
1:31:38 pm  [Apache] 	improper privileges, a crash, or a shutdown by another method.
1:31:38 pm  [Apache] 	Press the Logs button to view error logs and check
1:31:38 pm  [Apache] 	the Windows Event Viewer for more clues
1:31:38 pm  [Apache] 	If you need more help, copy and post this
1:31:38 pm  [Apache] 	entire log window on the forums
1:31:57 pm  [mysql] 	Attempting to stop MySQL app...
1:31:59 pm  [mysql] 	Status change detected: stopped
1:32:06 pm  [mysql] 	Status change detected: running
1:32:10 pm  [Apache] 	Status change detected: running
1:32:10 pm  [Apache] 	Status change detected: stopped
1:32:10 pm  [Apache] 	Error: Apache shutdown unexpectedly.
1:32:10 pm  [Apache] 	This may be due to a blocked port, missing dependencies, 
1:32:10 pm  [Apache] 	improper privileges, a crash, or a shutdown by another method.
1:32:10 pm  [Apache] 	Press the Logs button to view error logs and check
1:32:10 pm  [Apache] 	the Windows Event Viewer for more clues
1:32:10 pm  [Apache] 	If you need more help, copy and post this
1:32:10 pm  [Apache] 	entire log window on the forums
1:32:24 pm  [Apache] 	Status change detected: running
1:32:24 pm  [Apache] 	Status change detected: stopped
1:32:24 pm  [Apache] 	Error: Apache shutdown unexpectedly.
1:32:24 pm  [Apache] 	This may be due to a blocked port, missing dependencies, 
1:32:24 pm  [Apache] 	improper privileges, a crash, or a shutdown by another method.
1:32:24 pm  [Apache] 	Press the Logs button to view error logs and check
1:32:24 pm  [Apache] 	the Windows Event Viewer for more clues
1:32:24 pm  [Apache] 	If you need more help, copy and post this
1:32:24 pm  [Apache] 	entire log window on the forums
1:32:25 pm  [Apache] 	Status change detected: running
1:32:26 pm  [Apache] 	Status change detected: stopped
1:32:26 pm  [Apache] 	Error: Apache shutdown unexpectedly.
1:32:26 pm  [Apache] 	This may be due to a blocked port, missing dependencies, 
1:32:26 pm  [Apache] 	improper privileges, a crash, or a shutdown by another method.
1:32:26 pm  [Apache] 	Press the Logs button to view error logs and check
1:32:26 pm  [Apache] 	the Windows Event Viewer for more clues
1:32:26 pm  [Apache] 	If you need more help, copy and post this
1:32:26 pm  [Apache] 	entire log window on the forums
1:33:40 pm  [Apache] 	Status change detected: running
1:33:40 pm  [Apache] 	Status change detected: stopped
1:33:40 pm  [Apache] 	Error: Apache shutdown unexpectedly.
1:33:40 pm  [Apache] 	This may be due to a blocked port, missing dependencies, 
1:33:40 pm  [Apache] 	improper privileges, a crash, or a shutdown by another method.
1:33:40 pm  [Apache] 	Press the Logs button to view error logs and check
1:33:40 pm  [Apache] 	the Windows Event Viewer for more clues
1:33:40 pm  [Apache] 	If you need more help, copy and post this
1:33:40 pm  [Apache] 	entire log window on the forums
1:34:01 pm  [Apache] 	Status change detected: running
1:34:01 pm  [Apache] 	Status change detected: stopped
1:34:01 pm  [Apache] 	Error: Apache shutdown unexpectedly.
1:34:01 pm  [Apache] 	This may be due to a blocked port, missing dependencies, 
1:34:01 pm  [Apache] 	improper privileges, a crash, or a shutdown by another method.
1:34:01 pm  [Apache] 	Press the Logs button to view error logs and check
1:34:01 pm  [Apache] 	the Windows Event Viewer for more clues
1:34:01 pm  [Apache] 	If you need more help, copy and post this
1:34:01 pm  [Apache] 	entire log window on the forums
1:34:16 pm  [main] 	Deinitializing Modules
1:34:16 pm  [main] 	Deinitializing Control Panel

1:30:23 pm  [main] 	Initializing Control Panel
1:30:23 pm  [main] 	Windows Version:  Home  64-bit
1:30:23 pm  [main] 	XAMPP Version: 5.6.15
1:30:23 pm  [main] 	Control Panel Version: 3.2.2  [ Compiled: Nov 12th 2015 ]
1:30:23 pm  [main] 	You are not running with administrator rights! This will work for
1:30:23 pm  [main] 	most application stuff but whenever you do something with services
1:30:23 pm  [main] 	there will be a security dialogue or things will break! So think 
1:30:23 pm  [main] 	about running this application with administrator rights!
1:30:23 pm  [main] 	XAMPP Installation Directory: "c:\users\warrenbalute\xampp\"
1:30:23 pm  [main] 	Checking for prerequisites
1:30:24 pm  [main] 	All prerequisites found
1:30:24 pm  [main] 	Initializing Modules
1:30:24 pm  [Apache] 	Problem detected!
1:30:24 pm  [Apache] 	Port 80 in use by "Unable to open process" with PID 4!
1:30:24 pm  [Apache] 	Apache WILL NOT start without the configured ports free!
1:30:24 pm  [Apache] 	You need to uninstall/disable/reconfigure the blocking application
1:30:24 pm  [Apache] 	or reconfigure Apache and the Control Panel to listen on a different port
1:30:24 pm  [Apache] 	Problem detected!
1:30:24 pm  [Apache] 	Port 443 in use by "Unable to open process" with PID 4!
1:30:24 pm  [Apache] 	Apache WILL NOT start without the configured ports free!
1:30:24 pm  [Apache] 	You need to uninstall/disable/reconfigure the blocking application
1:30:24 pm  [Apache] 	or reconfigure Apache and the Control Panel to listen on a different port
1:30:24 pm  [main] 	Starting Check-Timer
1:30:24 pm  [main] 	Control Panel Ready
1:30:26 pm  [Apache] 	Problem detected!
1:30:26 pm  [Apache] 	Port 80 in use by "Unable to open process" with PID 4!
1:30:26 pm  [Apache] 	Apache WILL NOT start without the configured ports free!
1:30:26 pm  [Apache] 	You need to uninstall/disable/reconfigure the blocking application
1:30:26 pm  [Apache] 	or reconfigure Apache and the Control Panel to listen on a different port
1:30:26 pm  [Apache] 	Problem detected!
1:30:26 pm  [Apache] 	Port 443 in use by "Unable to open process" with PID 4!
1:30:26 pm  [Apache] 	Apache WILL NOT start without the configured ports free!
1:30:26 pm  [Apache] 	You need to uninstall/disable/reconfigure the blocking application
1:30:26 pm  [Apache] 	or reconfigure Apache and the Control Panel to listen on a different port
1:30:26 pm  [Apache] 	Attempting to start Apache app...
1:30:27 pm  [Apache] 	Status change detected: running
1:30:27 pm  [Apache] 	Status change detected: stopped
1:30:27 pm  [Apache] 	Error: Apache shutdown unexpectedly.
1:30:27 pm  [Apache] 	This may be due to a blocked port, missing dependencies, 
1:30:27 pm  [Apache] 	improper privileges, a crash, or a shutdown by another method.
1:30:27 pm  [Apache] 	Press the Logs button to view error logs and check
1:30:27 pm  [Apache] 	the Windows Event Viewer for more clues
1:30:27 pm  [Apache] 	If you need more help, copy and post this
1:30:27 pm  [Apache] 	entire log window on the forums
1:30:39 pm  [Apache] 	Problem detected!
1:30:39 pm  [Apache] 	Port 80 in use by "Unable to open process" with PID 4!
1:30:39 pm  [Apache] 	Apache WILL NOT start without the configured ports free!
1:30:39 pm  [Apache] 	You need to uninstall/disable/reconfigure the blocking application
1:30:39 pm  [Apache] 	or reconfigure Apache and the Control Panel to listen on a different port
1:30:39 pm  [Apache] 	Problem detected!
1:30:39 pm  [Apache] 	Port 443 in use by "Unable to open process" with PID 4!
1:30:39 pm  [Apache] 	Apache WILL NOT start without the configured ports free!
1:30:39 pm  [Apache] 	You need to uninstall/disable/reconfigure the blocking application
1:30:39 pm  [Apache] 	or reconfigure Apache and the Control Panel to listen on a different port
1:30:39 pm  [Apache] 	Attempting to start Apache app...
1:30:39 pm  [Apache] 	Status change detected: running
1:30:40 pm  [Apache] 	Status change detected: stopped
1:30:40 pm  [Apache] 	Error: Apache shutdown unexpectedly.
1:30:40 pm  [Apache] 	This may be due to a blocked port, missing dependencies, 
1:30:40 pm  [Apache] 	improper privileges, a crash, or a shutdown by another method.
1:30:40 pm  [Apache] 	Press the Logs button to view error logs and check
1:30:40 pm  [Apache] 	the Windows Event Viewer for more clues
1:30:40 pm  [Apache] 	If you need more help, copy and post this
1:30:40 pm  [Apache] 	entire log window on the forums
1:30:49 pm  [Apache] 	Problem detected!
1:30:49 pm  [Apache] 	Port 80 in use by "Unable to open process" with PID 4!
1:30:49 pm  [Apache] 	Apache WILL NOT start without the configured ports free!
1:30:49 pm  [Apache] 	You need to uninstall/disable/reconfigure the blocking application
1:30:49 pm  [Apache] 	or reconfigure Apache and the Control Panel to listen on a different port
1:30:49 pm  [Apache] 	Problem detected!
1:30:49 pm  [Apache] 	Port 443 in use by "Unable to open process" with PID 4!
1:30:49 pm  [Apache] 	Apache WILL NOT start without the configured ports free!
1:30:49 pm  [Apache] 	You need to uninstall/disable/reconfigure the blocking application
1:30:49 pm  [Apache] 	or reconfigure Apache and the Control Panel to listen on a different port
1:30:49 pm  [Apache] 	Attempting to start Apache app...
1:30:49 pm  [Apache] 	Status change detected: running
1:30:50 pm  [Apache] 	Status change detected: stopped
1:30:50 pm  [Apache] 	Error: Apache shutdown unexpectedly.
1:30:50 pm  [Apache] 	This may be due to a blocked port, missing dependencies, 
1:30:50 pm  [Apache] 	improper privileges, a crash, or a shutdown by another method.
1:30:50 pm  [Apache] 	Press the Logs button to view error logs and check
1:30:50 pm  [Apache] 	the Windows Event Viewer for more clues
1:30:50 pm  [Apache] 	If you need more help, copy and post this
1:30:50 pm  [Apache] 	entire log window on the forums
1:34:16 pm  [main] 	Deinitializing Modules
1:34:16 pm  [main] 	Deinitializing Control Panel

1:32:03 pm  [main] 	Initializing Control Panel
1:32:03 pm  [main] 	Windows Version:  Home  64-bit
1:32:03 pm  [main] 	XAMPP Version: 5.6.15
1:32:03 pm  [main] 	Control Panel Version: 3.2.2  [ Compiled: Nov 12th 2015 ]
1:32:03 pm  [main] 	Running with Administrator rights - good!
1:32:03 pm  [main] 	XAMPP Installation Directory: "c:\users\warrenbalute\xampp\"
1:32:03 pm  [main] 	Checking for prerequisites
1:32:03 pm  [main] 	All prerequisites found
1:32:03 pm  [main] 	Initializing Modules
1:32:03 pm  [Apache] 	Problem detected!
1:32:03 pm  [Apache] 	Port 80 in use by "Unable to open process" with PID 4!
1:32:03 pm  [Apache] 	Apache WILL NOT start without the configured ports free!
1:32:03 pm  [Apache] 	You need to uninstall/disable/reconfigure the blocking application
1:32:03 pm  [Apache] 	or reconfigure Apache and the Control Panel to listen on a different port
1:32:03 pm  [Apache] 	Problem detected!
1:32:03 pm  [Apache] 	Port 443 in use by "Unable to open process" with PID 4!
1:32:03 pm  [Apache] 	Apache WILL NOT start without the configured ports free!
1:32:03 pm  [Apache] 	You need to uninstall/disable/reconfigure the blocking application
1:32:03 pm  [Apache] 	or reconfigure Apache and the Control Panel to listen on a different port
1:32:03 pm  [main] 	Starting Check-Timer
1:32:03 pm  [main] 	Control Panel Ready
1:32:06 pm  [mysql] 	Attempting to start MySQL app...
1:32:06 pm  [mysql] 	Status change detected: running
1:32:10 pm  [Apache] 	Problem detected!
1:32:10 pm  [Apache] 	Port 80 in use by "Unable to open process" with PID 4!
1:32:10 pm  [Apache] 	Apache WILL NOT start without the configured ports free!
1:32:10 pm  [Apache] 	You need to uninstall/disable/reconfigure the blocking application
1:32:10 pm  [Apache] 	or reconfigure Apache and the Control Panel to listen on a different port
1:32:10 pm  [Apache] 	Problem detected!
1:32:10 pm  [Apache] 	Port 443 in use by "Unable to open process" with PID 4!
1:32:10 pm  [Apache] 	Apache WILL NOT start without the configured ports free!
1:32:10 pm  [Apache] 	You need to uninstall/disable/reconfigure the blocking application
1:32:10 pm  [Apache] 	or reconfigure Apache and the Control Panel to listen on a different port
1:32:10 pm  [Apache] 	Attempting to start Apache app...
1:32:10 pm  [Apache] 	Status change detected: running
1:32:10 pm  [Apache] 	Status change detected: stopped
1:32:10 pm  [Apache] 	Error: Apache shutdown unexpectedly.
1:32:10 pm  [Apache] 	This may be due to a blocked port, missing dependencies, 
1:32:10 pm  [Apache] 	improper privileges, a crash, or a shutdown by another method.
1:32:10 pm  [Apache] 	Press the Logs button to view error logs and check
1:32:10 pm  [Apache] 	the Windows Event Viewer for more clues
1:32:10 pm  [Apache] 	If you need more help, copy and post this
1:32:10 pm  [Apache] 	entire log window on the forums
1:32:12 pm  [Apache] 	Problem detected!
1:32:12 pm  [Apache] 	Port 80 in use by "Unable to open process" with PID 4!
1:32:12 pm  [Apache] 	Apache WILL NOT start without the configured ports free!
1:32:12 pm  [Apache] 	You need to uninstall/disable/reconfigure the blocking application
1:32:12 pm  [Apache] 	or reconfigure Apache and the Control Panel to listen on a different port
1:32:12 pm  [Apache] 	Problem detected!
1:32:12 pm  [Apache] 	Port 443 in use by "Unable to open process" with PID 4!
1:32:12 pm  [Apache] 	Apache WILL NOT start without the configured ports free!
1:32:12 pm  [Apache] 	You need to uninstall/disable/reconfigure the blocking application
1:32:12 pm  [Apache] 	or reconfigure Apache and the Control Panel to listen on a different port
1:32:12 pm  [Apache] 	Attempting to start Apache app...
1:32:12 pm  [Apache] 	Status change detected: running
1:32:13 pm  [Apache] 	Status change detected: stopped
1:32:13 pm  [Apache] 	Error: Apache shutdown unexpectedly.
1:32:13 pm  [Apache] 	This may be due to a blocked port, missing dependencies, 
1:32:13 pm  [Apache] 	improper privileges, a crash, or a shutdown by another method.
1:32:13 pm  [Apache] 	Press the Logs button to view error logs and check
1:32:13 pm  [Apache] 	the Windows Event Viewer for more clues
1:32:13 pm  [Apache] 	If you need more help, copy and post this
1:32:13 pm  [Apache] 	entire log window on the forums
1:32:24 pm  [Apache] 	Problem detected!
1:32:24 pm  [Apache] 	Port 80 in use by "Unable to open process" with PID 4!
1:32:24 pm  [Apache] 	Apache WILL NOT start without the configured ports free!
1:32:24 pm  [Apache] 	You need to uninstall/disable/reconfigure the blocking application
1:32:24 pm  [Apache] 	or reconfigure Apache and the Control Panel to listen on a different port
1:32:24 pm  [Apache] 	Problem detected!
1:32:24 pm  [Apache] 	Port 443 in use by "Unable to open process" with PID 4!
1:32:24 pm  [Apache] 	Apache WILL NOT start without the configured ports free!
1:32:24 pm  [Apache] 	You need to uninstall/disable/reconfigure the blocking application
1:32:24 pm  [Apache] 	or reconfigure Apache and the Control Panel to listen on a different port
1:32:24 pm  [Apache] 	Attempting to start Apache app...
1:32:24 pm  [Apache] 	Status change detected: running
1:32:24 pm  [Apache] 	Status change detected: stopped
1:32:24 pm  [Apache] 	Error: Apache shutdown unexpectedly.
1:32:24 pm  [Apache] 	This may be due to a blocked port, missing dependencies, 
1:32:24 pm  [Apache] 	improper privileges, a crash, or a shutdown by another method.
1:32:24 pm  [Apache] 	Press the Logs button to view error logs and check
1:32:24 pm  [Apache] 	the Windows Event Viewer for more clues
1:32:24 pm  [Apache] 	If you need more help, copy and post this
1:32:24 pm  [Apache] 	entire log window on the forums
1:32:25 pm  [Apache] 	Problem detected!
1:32:25 pm  [Apache] 	Port 80 in use by "Unable to open process" with PID 4!
1:32:25 pm  [Apache] 	Apache WILL NOT start without the configured ports free!
1:32:25 pm  [Apache] 	You need to uninstall/disable/reconfigure the blocking application
1:32:25 pm  [Apache] 	or reconfigure Apache and the Control Panel to listen on a different port
1:32:25 pm  [Apache] 	Problem detected!
1:32:25 pm  [Apache] 	Port 443 in use by "Unable to open process" with PID 4!
1:32:25 pm  [Apache] 	Apache WILL NOT start without the configured ports free!
1:32:25 pm  [Apache] 	You need to uninstall/disable/reconfigure the blocking application
1:32:25 pm  [Apache] 	or reconfigure Apache and the Control Panel to listen on a different port
1:32:25 pm  [Apache] 	Attempting to start Apache app...
1:32:25 pm  [Apache] 	Status change detected: running
1:32:26 pm  [Apache] 	Status change detected: stopped
1:32:26 pm  [Apache] 	Error: Apache shutdown unexpectedly.
1:32:26 pm  [Apache] 	This may be due to a blocked port, missing dependencies, 
1:32:26 pm  [Apache] 	improper privileges, a crash, or a shutdown by another method.
1:32:26 pm  [Apache] 	Press the Logs button to view error logs and check
1:32:26 pm  [Apache] 	the Windows Event Viewer for more clues
1:32:26 pm  [Apache] 	If you need more help, copy and post this
1:32:26 pm  [Apache] 	entire log window on the forums
1:33:32 pm  [Apache] 	Problem detected!
1:33:32 pm  [Apache] 	Port 80 in use by "Unable to open process" with PID 4!
1:33:32 pm  [Apache] 	Apache WILL NOT start without the configured ports free!
1:33:32 pm  [Apache] 	You need to uninstall/disable/reconfigure the blocking application
1:33:32 pm  [Apache] 	or reconfigure Apache and the Control Panel to listen on a different port
1:33:32 pm  [Apache] 	Problem detected!
1:33:32 pm  [Apache] 	Port 443 in use by "Unable to open process" with PID 4!
1:33:32 pm  [Apache] 	Apache WILL NOT start without the configured ports free!
1:33:32 pm  [Apache] 	You need to uninstall/disable/reconfigure the blocking application
1:33:32 pm  [Apache] 	or reconfigure Apache and the Control Panel to listen on a different port
1:33:32 pm  [Apache] 	Attempting to start Apache app...
1:33:32 pm  [Apache] 	Status change detected: running
1:33:33 pm  [Apache] 	Status change detected: stopped
1:33:33 pm  [Apache] 	Error: Apache shutdown unexpectedly.
1:33:33 pm  [Apache] 	This may be due to a blocked port, missing dependencies, 
1:33:33 pm  [Apache] 	improper privileges, a crash, or a shutdown by another method.
1:33:33 pm  [Apache] 	Press the Logs button to view error logs and check
1:33:33 pm  [Apache] 	the Windows Event Viewer for more clues
1:33:33 pm  [Apache] 	If you need more help, copy and post this
1:33:33 pm  [Apache] 	entire log window on the forums
1:33:39 pm  [Apache] 	Problem detected!
1:33:39 pm  [Apache] 	Port 80 in use by "Unable to open process" with PID 4!
1:33:39 pm  [Apache] 	Apache WILL NOT start without the configured ports free!
1:33:39 pm  [Apache] 	You need to uninstall/disable/reconfigure the blocking application
1:33:39 pm  [Apache] 	or reconfigure Apache and the Control Panel to listen on a different port
1:33:39 pm  [Apache] 	Problem detected!
1:33:39 pm  [Apache] 	Port 443 in use by "Unable to open process" with PID 4!
1:33:39 pm  [Apache] 	Apache WILL NOT start without the configured ports free!
1:33:39 pm  [Apache] 	You need to uninstall/disable/reconfigure the blocking application
1:33:39 pm  [Apache] 	or reconfigure Apache and the Control Panel to listen on a different port
1:33:39 pm  [Apache] 	Attempting to start Apache app...
1:33:40 pm  [Apache] 	Status change detected: running
1:33:40 pm  [Apache] 	Status change detected: stopped
1:33:40 pm  [Apache] 	Error: Apache shutdown unexpectedly.
1:33:40 pm  [Apache] 	This may be due to a blocked port, missing dependencies, 
1:33:40 pm  [Apache] 	improper privileges, a crash, or a shutdown by another method.
1:33:40 pm  [Apache] 	Press the Logs button to view error logs and check
1:33:40 pm  [Apache] 	the Windows Event Viewer for more clues
1:33:40 pm  [Apache] 	If you need more help, copy and post this
1:33:40 pm  [Apache] 	entire log window on the forums
1:33:49 pm  [main] 	Executing "services.msc"
1:34:01 pm  [Apache] 	Problem detected!
1:34:01 pm  [Apache] 	Port 80 in use by "Unable to open process" with PID 4!
1:34:01 pm  [Apache] 	Apache WILL NOT start without the configured ports free!
1:34:01 pm  [Apache] 	You need to uninstall/disable/reconfigure the blocking application
1:34:01 pm  [Apache] 	or reconfigure Apache and the Control Panel to listen on a different port
1:34:01 pm  [Apache] 	Problem detected!
1:34:01 pm  [Apache] 	Port 443 in use by "Unable to open process" with PID 4!
1:34:01 pm  [Apache] 	Apache WILL NOT start without the configured ports free!
1:34:01 pm  [Apache] 	You need to uninstall/disable/reconfigure the blocking application
1:34:01 pm  [Apache] 	or reconfigure Apache and the Control Panel to listen on a different port
1:34:01 pm  [Apache] 	Attempting to start Apache app...
1:34:01 pm  [Apache] 	Status change detected: running
1:34:01 pm  [Apache] 	Status change detected: stopped
1:34:01 pm  [Apache] 	Error: Apache shutdown unexpectedly.
1:34:01 pm  [Apache] 	This may be due to a blocked port, missing dependencies, 
1:34:01 pm  [Apache] 	improper privileges, a crash, or a shutdown by another method.
1:34:01 pm  [Apache] 	Press the Logs button to view error logs and check
1:34:01 pm  [Apache] 	the Windows Event Viewer for more clues
1:34:01 pm  [Apache] 	If you need more help, copy and post this
1:34:01 pm  [Apache] 	entire log window on the forums
1:34:16 pm  [main] 	Deinitializing Modules
1:34:16 pm  [main] 	Deinitializing Control Panel

