2015-11-10 15:26:56 10fc InnoDB: Warning: Using innodb_additional_mem_pool_size is DEPRECATED. This option may be removed in future releases, together with the option innodb_use_sys_malloc and with the InnoDB's internal memory allocator.
2015-11-10 15:26:56 4348 [Note] InnoDB: Using mutexes to ref count buffer pool pages
2015-11-10 15:26:56 4348 [Note] InnoDB: The InnoDB memory heap is disabled
2015-11-10 15:26:56 4348 [Note] InnoDB: Mutexes and rw_locks use Windows interlocked functions
2015-11-10 15:26:56 4348 [Note] InnoDB: Memory barrier is not used
2015-11-10 15:26:56 4348 [Note] InnoDB: Compressed tables use zlib 1.2.3
2015-11-10 15:26:56 4348 [Note] InnoDB: Not using CPU crc32 instructions
2015-11-10 15:26:56 4348 [Note] InnoDB: Initializing buffer pool, size = 16.0M
2015-11-10 15:26:56 4348 [Note] InnoDB: Completed initialization of buffer pool
2015-11-10 15:26:56 4348 [Note] InnoDB: Highest supported file format is Barracuda.
2015-11-10 15:26:57 4348 [Note] InnoDB: 128 rollback segment(s) are active.
2015-11-10 15:26:57 4348 [Note] InnoDB: Waiting for purge to start
2015-11-10 15:26:57 4348 [Note] InnoDB:  Percona XtraDB (http://www.percona.com) 5.6.26-74.0 started; log sequence number 1835027
2015-11-10 15:26:57 6140 [Note] InnoDB: Dumping buffer pool(s) not yet started
2015-11-10 15:26:57 4348 [Note] Plugin 'FEEDBACK' is disabled.
2015-11-10 15:26:57 4348 [Note] Server socket created on IP: '::'.
2015-11-10 15:26:57 4348 [Note] Event Scheduler: Loaded 0 events
2015-11-10 15:26:57 4348 [Note] C:\xampp\mysql\bin\mysqld.exe: ready for connections.
Version: '10.1.8-MariaDB'  socket: ''  port: 3306  mariadb.org binary distribution
2015-11-10 15:27:11 5152 [Note] C:\xampp\mysql\bin\mysqld.exe: Normal shutdown

2015-11-10 15:27:11 5152 [Note] Event Scheduler: Purging the queue. 0 events
2015-11-10 15:27:11 5732 [Note] InnoDB: FTS optimize thread exiting.
2015-11-10 15:27:11 5152 [Note] InnoDB: Starting shutdown...
2015-11-10 15:27:13 5152 [Note] InnoDB: Shutdown completed; log sequence number 1835037
2015-11-10 15:27:13 5152 [Note] C:\xampp\mysql\bin\mysqld.exe: Shutdown complete

2024-08-19 13:31:27 12cc InnoDB: Warning: Using innodb_additional_mem_pool_size is DEPRECATED. This option may be removed in future releases, together with the option innodb_use_sys_malloc and with the InnoDB's internal memory allocator.
2024-08-19 13:31:27 4812 [Note] InnoDB: Using mutexes to ref count buffer pool pages
2024-08-19 13:31:27 4812 [Note] InnoDB: The InnoDB memory heap is disabled
2024-08-19 13:31:27 4812 [Note] InnoDB: Mutexes and rw_locks use Windows interlocked functions
2024-08-19 13:31:27 4812 [Note] InnoDB: Memory barrier is not used
2024-08-19 13:31:27 4812 [Note] InnoDB: Compressed tables use zlib 1.2.3
2024-08-19 13:31:27 4812 [Note] InnoDB: Not using CPU crc32 instructions
2024-08-19 13:31:27 4812 [Note] InnoDB: Initializing buffer pool, size = 16.0M
2024-08-19 13:31:27 4812 [Note] InnoDB: Completed initialization of buffer pool
2024-08-19 13:31:27 4812 [Note] InnoDB: Highest supported file format is Barracuda.
2024-08-19 13:31:27 4812 [Note] InnoDB: 128 rollback segment(s) are active.
2024-08-19 13:31:27 4812 [Note] InnoDB: Waiting for purge to start
2024-08-19 13:31:28 4812 [Note] InnoDB:  Percona XtraDB (http://www.percona.com) 5.6.26-74.0 started; log sequence number 1835037
2024-08-19 13:31:28 1988 [Note] InnoDB: Dumping buffer pool(s) not yet started
2024-08-19 13:31:28 4812 [Note] Plugin 'FEEDBACK' is disabled.
2024-08-19 13:31:28 4812 [Note] Server socket created on IP: '::'.
2024-08-19 13:31:28 4812 [Note] c:\users\warrenbalute\xampp\mysql\bin\mysqld.exe: ready for connections.
Version: '10.1.9-MariaDB'  socket: ''  port: 3306  mariadb.org binary distribution
2024-08-19 13:31:57 3844 [Note] c:\users\warrenbalute\xampp\mysql\bin\mysqld.exe: Normal shutdown

2024-08-19 13:31:57 3844 [Note] Event Scheduler: Purging the queue. 0 events
2024-08-19 13:31:57 15856 [Note] InnoDB: FTS optimize thread exiting.
2024-08-19 13:31:57 3844 [Note] InnoDB: Starting shutdown...
2024-08-19 13:31:59 3844 [Note] InnoDB: Shutdown completed; log sequence number 1835047
2024-08-19 13:31:59 3844 [Note] c:\users\warrenbalute\xampp\mysql\bin\mysqld.exe: Shutdown complete

2024-08-19 13:32:06 90 InnoDB: Warning: Using innodb_additional_mem_pool_size is DEPRECATED. This option may be removed in future releases, together with the option innodb_use_sys_malloc and with the InnoDB's internal memory allocator.
2024-08-19 13:32:06 144 [Note] InnoDB: Using mutexes to ref count buffer pool pages
2024-08-19 13:32:06 144 [Note] InnoDB: The InnoDB memory heap is disabled
2024-08-19 13:32:06 144 [Note] InnoDB: Mutexes and rw_locks use Windows interlocked functions
2024-08-19 13:32:06 144 [Note] InnoDB: Memory barrier is not used
2024-08-19 13:32:06 144 [Note] InnoDB: Compressed tables use zlib 1.2.3
2024-08-19 13:32:06 144 [Note] InnoDB: Not using CPU crc32 instructions
2024-08-19 13:32:06 144 [Note] InnoDB: Initializing buffer pool, size = 16.0M
2024-08-19 13:32:06 144 [Note] InnoDB: Completed initialization of buffer pool
2024-08-19 13:32:06 144 [Note] InnoDB: Highest supported file format is Barracuda.
2024-08-19 13:32:06 144 [Note] InnoDB: 128 rollback segment(s) are active.
2024-08-19 13:32:06 144 [Note] InnoDB: Waiting for purge to start
2024-08-19 13:32:06 144 [Note] InnoDB:  Percona XtraDB (http://www.percona.com) 5.6.26-74.0 started; log sequence number 1835047
2024-08-19 13:32:06 324 [Note] InnoDB: Dumping buffer pool(s) not yet started
2024-08-19 13:32:06 144 [Note] Plugin 'FEEDBACK' is disabled.
2024-08-19 13:32:06 144 [Note] Server socket created on IP: '::'.
2024-08-19 13:32:06 144 [Note] c:\users\warrenbalute\xampp\mysql\bin\mysqld.exe: ready for connections.
Version: '10.1.9-MariaDB'  socket: ''  port: 3306  mariadb.org binary distribution
2024-08-19 13:35:56 5aec InnoDB: Warning: Using innodb_additional_mem_pool_size is DEPRECATED. This option may be removed in future releases, together with the option innodb_use_sys_malloc and with the InnoDB's internal memory allocator.
2024-08-19 13:35:56 23276 [Note] InnoDB: Using mutexes to ref count buffer pool pages
2024-08-19 13:35:56 23276 [Note] InnoDB: The InnoDB memory heap is disabled
2024-08-19 13:35:56 23276 [Note] InnoDB: Mutexes and rw_locks use Windows interlocked functions
2024-08-19 13:35:56 23276 [Note] InnoDB: Memory barrier is not used
2024-08-19 13:35:56 23276 [Note] InnoDB: Compressed tables use zlib 1.2.3
2024-08-19 13:35:56 23276 [Note] InnoDB: Not using CPU crc32 instructions
2024-08-19 13:35:56 23276 [Note] InnoDB: Initializing buffer pool, size = 16.0M
2024-08-19 13:35:56 23276 [Note] InnoDB: Completed initialization of buffer pool
2024-08-19 13:35:56 23276 [Note] InnoDB: Highest supported file format is Barracuda.
2024-08-19 13:35:56 23276 [Note] InnoDB: The log sequence numbers 1835047 and 1835047 in ibdata files do not match the log sequence number 1835057 in the ib_logfiles!
2024-08-19 13:35:56 23276 [Note] InnoDB: Database was not shutdown normally!
2024-08-19 13:35:56 23276 [Note] InnoDB: Starting crash recovery.
2024-08-19 13:35:56 23276 [Note] InnoDB: Reading tablespace information from the .ibd files...
2024-08-19 13:35:57 23276 [Note] InnoDB: Restoring possible half-written data pages 
2024-08-19 13:35:57 23276 [Note] InnoDB: from the doublewrite buffer...
2024-08-19 13:35:57 23276 [Note] InnoDB: 128 rollback segment(s) are active.
2024-08-19 13:35:57 23276 [Note] InnoDB: Waiting for purge to start
2024-08-19 13:35:57 23276 [Note] InnoDB:  Percona XtraDB (http://www.percona.com) 5.6.26-74.0 started; log sequence number 1835057
2024-08-19 13:35:57 23520 [Note] InnoDB: Dumping buffer pool(s) not yet started
2024-08-19 13:35:57 23276 [Note] Plugin 'FEEDBACK' is disabled.
2024-08-19 13:35:57 23276 [Note] Server socket created on IP: '::'.
2024-08-19 13:35:57 23276 [Note] c:\users\warrenbalute\xampp\mysql\bin\mysqld.exe: ready for connections.
Version: '10.1.9-MariaDB'  socket: ''  port: 3306  mariadb.org binary distribution
2024-08-19 13:50:50 23260 [Note] c:\users\warrenbalute\xampp\mysql\bin\mysqld.exe: Normal shutdown

2024-08-19 13:50:50 23260 [Note] Event Scheduler: Purging the queue. 0 events
2024-08-19 13:50:50 23280 [Note] InnoDB: FTS optimize thread exiting.
2024-08-19 13:50:50 23260 [Note] InnoDB: Starting shutdown...
2024-08-19 13:50:52 23260 [Note] InnoDB: Shutdown completed; log sequence number 1835067
2024-08-19 13:50:52 23260 [Note] c:\users\warrenbalute\xampp\mysql\bin\mysqld.exe: Shutdown complete

2024-08-19 13:50:59 1844 InnoDB: Warning: Using innodb_additional_mem_pool_size is DEPRECATED. This option may be removed in future releases, together with the option innodb_use_sys_malloc and with the InnoDB's internal memory allocator.
2024-08-19 13:50:59 6212 [Note] InnoDB: Using mutexes to ref count buffer pool pages
2024-08-19 13:50:59 6212 [Note] InnoDB: The InnoDB memory heap is disabled
2024-08-19 13:50:59 6212 [Note] InnoDB: Mutexes and rw_locks use Windows interlocked functions
2024-08-19 13:50:59 6212 [Note] InnoDB: Memory barrier is not used
2024-08-19 13:50:59 6212 [Note] InnoDB: Compressed tables use zlib 1.2.3
2024-08-19 13:50:59 6212 [Note] InnoDB: Not using CPU crc32 instructions
2024-08-19 13:50:59 6212 [Note] InnoDB: Initializing buffer pool, size = 16.0M
2024-08-19 13:50:59 6212 [Note] InnoDB: Completed initialization of buffer pool
2024-08-19 13:50:59 6212 [Note] InnoDB: Highest supported file format is Barracuda.
2024-08-19 13:50:59 6212 [Note] InnoDB: 128 rollback segment(s) are active.
2024-08-19 13:50:59 6212 [Note] InnoDB: Waiting for purge to start
2024-08-19 13:50:59 6212 [Note] InnoDB:  Percona XtraDB (http://www.percona.com) 5.6.26-74.0 started; log sequence number 1835067
2024-08-19 13:50:59 24288 [Note] InnoDB: Dumping buffer pool(s) not yet started
2024-08-19 13:50:59 6212 [Note] Plugin 'FEEDBACK' is disabled.
2024-08-19 13:50:59 6212 [Note] Server socket created on IP: '::'.
2024-08-19 13:50:59 6212 [Note] c:\users\warrenbalute\xampp\mysql\bin\mysqld.exe: ready for connections.
Version: '10.1.9-MariaDB'  socket: ''  port: 3306  mariadb.org binary distribution
